2023-03-23 21:08:03 info: tempDirectory:c:\Users\User\.vscode\extensions\embold-vscode.embold-0.1.4\temp
2023-03-23 21:08:03 info: Extraction complete for source: c:\Users\User\.vscode\extensions\embold-vscode.embold-0.1.4\resources\embold-scanner-archive.zip, destination: c:\Users\User\.vscode\extensions\embold-vscode.embold-0.1.4\temp
2023-03-23 21:08:03 info: Congratulations, your extension "Embold" is now active!
2023-03-23 21:09:57 info: file:///e%3A/geekTrust/MyCode/teerexstore1/node_modules/fsevents
2023-03-23 21:09:57 error: SQLITE_ERROR: no such table: issues
2023-03-23 21:38:28 info: file:///e%3A/geekTrust/MyCode/teerexstore1/node_modules/fsevents
2023-03-23 21:38:28 error: SQLITE_ERROR: no such table: issues
2023-03-23 21:38:57 info: file:///e%3A/geekTrust/MyCode/teerexstore1/node_modules/fsevents
2023-03-23 21:38:57 error: SQLITE_ERROR: no such table: issues
2023-03-23 23:39:33 info: file:///e%3A/geekTrust/MyCode/teerexstore1/node_modules/fsevents
2023-03-23 23:39:33 error: SQLITE_ERROR: no such table: issues
2023-03-24 11:48:47 info: tempDirectory:c:\Users\User\.vscode\extensions\embold-vscode.embold-0.1.4\temp
2023-03-24 11:48:47 info: Extraction complete for source: c:\Users\User\.vscode\extensions\embold-vscode.embold-0.1.4\resources\embold-scanner-archive.zip, destination: c:\Users\User\.vscode\extensions\embold-vscode.embold-0.1.4\temp
2023-03-24 11:48:47 info: Congratulations, your extension "Embold" is now active!
2023-03-25 01:06:01 info: tempDirectory:c:\Users\User\.vscode\extensions\embold-vscode.embold-0.1.4\temp
2023-03-25 01:06:01 info: Extraction complete for source: c:\Users\User\.vscode\extensions\embold-vscode.embold-0.1.4\resources\embold-scanner-archive.zip, destination: c:\Users\User\.vscode\extensions\embold-vscode.embold-0.1.4\temp
2023-03-25 01:06:01 info: Congratulations, your extension "Embold" is now active!
2023-03-25 11:18:40 info: tempDirectory:c:\Users\User\.vscode\extensions\embold-vscode.embold-0.1.4\temp
2023-03-25 11:18:40 info: Extraction complete for source: c:\Users\User\.vscode\extensions\embold-vscode.embold-0.1.4\resources\embold-scanner-archive.zip, destination: c:\Users\User\.vscode\extensions\embold-vscode.embold-0.1.4\temp
2023-03-25 11:18:40 info: Congratulations, your extension "Embold" is now active!
2023-03-25 14:28:14 info: file:///e%3A/geekTrust/MyCode/teerexstore1/node_modules/fsevents
2023-03-25 14:28:14 error: SQLITE_ERROR: no such table: issues
2023-03-25 19:34:56 info: tempDirectory:c:\Users\User\.vscode\extensions\embold-vscode.embold-0.1.4\temp
2023-03-25 19:34:56 info: Extraction complete for source: c:\Users\User\.vscode\extensions\embold-vscode.embold-0.1.4\resources\embold-scanner-archive.zip, destination: c:\Users\User\.vscode\extensions\embold-vscode.embold-0.1.4\temp
2023-03-25 19:34:56 info: Congratulations, your extension "Embold" is now active!
2023-03-25 22:57:31 info: tempDirectory:c:\Users\User\.vscode\extensions\embold-vscode.embold-0.1.4\temp
2023-03-25 22:57:31 info: Extraction complete for source: c:\Users\User\.vscode\extensions\embold-vscode.embold-0.1.4\resources\embold-scanner-archive.zip, destination: c:\Users\User\.vscode\extensions\embold-vscode.embold-0.1.4\temp
2023-03-25 22:57:31 info: Congratulations, your extension "Embold" is now active!
2023-03-26 10:00:38 info: tempDirectory:c:\Users\User\.vscode\extensions\embold-vscode.embold-0.1.4\temp
2023-03-26 10:00:38 info: Extraction complete for source: c:\Users\User\.vscode\extensions\embold-vscode.embold-0.1.4\resources\embold-scanner-archive.zip, destination: c:\Users\User\.vscode\extensions\embold-vscode.embold-0.1.4\temp
2023-03-26 10:00:38 info: Congratulations, your extension "Embold" is now active!
2023-03-26 19:46:10 info: tempDirectory:c:\Users\User\.vscode\extensions\embold-vscode.embold-0.1.4\temp
2023-03-26 19:46:10 info: Extraction complete for source: c:\Users\User\.vscode\extensions\embold-vscode.embold-0.1.4\resources\embold-scanner-archive.zip, destination: c:\Users\User\.vscode\extensions\embold-vscode.embold-0.1.4\temp
2023-03-26 19:46:10 info: Congratulations, your extension "Embold" is now active!
2023-03-27 10:49:09 info: tempDirectory:c:\Users\User\.vscode\extensions\embold-vscode.embold-0.1.4\temp
2023-03-27 10:49:09 info: Extraction complete for source: c:\Users\User\.vscode\extensions\embold-vscode.embold-0.1.4\resources\embold-scanner-archive.zip, destination: c:\Users\User\.vscode\extensions\embold-vscode.embold-0.1.4\temp
2023-03-27 10:49:09 info: Congratulations, your extension "Embold" is now active!
2023-03-27 19:53:09 info: tempDirectory:c:\Users\User\.vscode\extensions\embold-vscode.embold-0.1.4\temp
2023-03-27 19:53:09 info: Extraction complete for source: c:\Users\User\.vscode\extensions\embold-vscode.embold-0.1.4\resources\embold-scanner-archive.zip, destination: c:\Users\User\.vscode\extensions\embold-vscode.embold-0.1.4\temp
2023-03-27 19:53:09 info: Congratulations, your extension "Embold" is now active!
2023-03-28 11:45:56 info: tempDirectory:c:\Users\User\.vscode\extensions\embold-vscode.embold-0.1.4\temp
2023-03-28 11:45:56 info: Extraction complete for source: c:\Users\User\.vscode\extensions\embold-vscode.embold-0.1.4\resources\embold-scanner-archive.zip, destination: c:\Users\User\.vscode\extensions\embold-vscode.embold-0.1.4\temp
2023-03-28 11:45:56 info: Congratulations, your extension "Embold" is now active!
2023-03-28 14:18:48 info: file:///e%3A/geekTrust/MyCode/teerexstore1/src/context.js
2023-03-28 14:18:49 error: SQLITE_ERROR: no such table: issues
2023-03-28 20:37:39 info: file:///e%3A/geekTrust/MyCode/teerexstore1/package-lock.json
2023-03-28 20:37:39 error: SQLITE_ERROR: no such table: issues
2023-03-28 20:37:47 info: file:///e%3A/geekTrust/MyCode/teerexstore1/node_modules/.package-lock.json
2023-03-28 20:37:47 error: SQLITE_ERROR: no such table: issues
2023-03-28 20:37:47 info: file:///e%3A/geekTrust/MyCode/teerexstore1/node_modules/fsevents
2023-03-28 20:37:47 error: SQLITE_ERROR: no such table: issues
2023-03-28 20:45:34 info: file:///e%3A/geekTrust/MyCode/teerexstore1/node_modules/fsevents
2023-03-28 20:45:34 error: SQLITE_ERROR: no such table: issues
2023-03-28 20:46:07 info: file:///e%3A/geekTrust/MyCode/teerexstore1/node_modules/typescript
2023-03-28 20:46:07 error: SQLITE_ERROR: no such table: issues
2023-03-28 20:50:25 info: file:///e%3A/geekTrust/MyCode/teerexstore1/node_modules/fsevents
2023-03-28 20:50:25 error: SQLITE_ERROR: no such table: issues
2023-03-28 20:50:40 info: file:///e%3A/geekTrust/MyCode/teerexstore1/node_modules/.typescript-Hc3NUrRt
2023-03-28 20:50:40 error: SQLITE_ERROR: no such table: issues
